[INFO ] 2024-07-18 11:03:56.070 [main] ScraperMain - Total Data:15686
[INFO ] 2024-07-18 11:03:58.594 [main] JSONReportGenerator - JSON report generated successfully.
[INFO ] 2024-07-18 11:03:58.639 [main] HTMLReportGenerator - HTML report generated successfully.
[INFO ] 2024-07-18 11:03:58.697 [main] JSONReportGenerator - JSON report generated successfully.
[INFO ] 2024-07-18 11:03:58.710 [main] HTMLReportGenerator - HTML report generated successfully.
[INFO ] 2024-07-18 11:03:58.729 [main] JSONReportGenerator - JSON report generated successfully.
[INFO ] 2024-07-18 11:03:58.733 [main] HTMLReportGenerator - HTML report generated successfully.
[INFO ] 2024-07-18 11:03:58.749 [main] JSONReportGenerator - JSON report generated successfully.
[INFO ] 2024-07-18 11:03:58.754 [main] HTMLReportGenerator - HTML report generated successfully.
[INFO ] 2024-07-18 11:03:58.814 [main] JSONReportGenerator - JSON report generated successfully.
[INFO ] 2024-07-18 11:03:58.848 [main] HTMLReportGenerator - HTML report generated successfully.
[INFO ] 2024-07-18 11:03:58.902 [main] JSONReportGenerator - JSON report generated successfully.
[INFO ] 2024-07-18 11:03:58.917 [main] HTMLReportGenerator - HTML report generated successfully.
[INFO ] 2024-07-18 11:03:58.958 [main] JSONReportGenerator - JSON report generated successfully.
[INFO ] 2024-07-18 11:03:58.974 [main] HTMLReportGenerator - HTML report generated successfully.
[INFO ] 2024-07-18 11:03:59.011 [main] JSONReportGenerator - JSON report generated successfully.
[INFO ] 2024-07-18 11:03:59.025 [main] HTMLReportGenerator - HTML report generated successfully.
[INFO ] 2024-07-18 11:03:59.059 [main] JSONReportGenerator - JSON report generated successfully.
[INFO ] 2024-07-18 11:03:59.074 [main] HTMLReportGenerator - HTML report generated successfully.
[INFO ] 2024-07-18 11:03:59.115 [main] JSONReportGenerator - JSON report generated successfully.
[INFO ] 2024-07-18 11:03:59.137 [main] HTMLReportGenerator - HTML report generated successfully.
[INFO ] 2024-07-18 11:03:59.173 [main] JSONReportGenerator - JSON report generated successfully.
[INFO ] 2024-07-18 11:03:59.186 [main] HTMLReportGenerator - HTML report generated successfully.
[INFO ] 2024-07-18 11:03:59.212 [main] JSONReportGenerator - JSON report generated successfully.
[INFO ] 2024-07-18 11:03:59.227 [main] HTMLReportGenerator - HTML report generated successfully.
[INFO ] 2024-07-18 11:03:59.256 [main] JSONReportGenerator - JSON report generated successfully.
[INFO ] 2024-07-18 11:03:59.269 [main] HTMLReportGenerator - HTML report generated successfully.
[INFO ] 2024-07-18 11:03:59.293 [main] JSONReportGenerator - JSON report generated successfully.
[INFO ] 2024-07-18 11:03:59.307 [main] HTMLReportGenerator - HTML report generated successfully.
[INFO ] 2024-07-18 11:03:59.336 [main] JSONReportGenerator - JSON report generated successfully.
[INFO ] 2024-07-18 11:03:59.349 [main] HTMLReportGenerator - HTML report generated successfully.
[INFO ] 2024-07-18 11:03:59.379 [main] JSONReportGenerator - JSON report generated successfully.
[INFO ] 2024-07-18 11:03:59.392 [main] HTMLReportGenerator - HTML report generated successfully.
[INFO ] 2024-07-18 11:03:59.421 [main] JSONReportGenerator - JSON report generated successfully.
[INFO ] 2024-07-18 11:03:59.433 [main] HTMLReportGenerator - HTML report generated successfully.
[INFO ] 2024-07-18 11:03:59.433 [main] ScraperMain - Elimination Filtered Count: 948
[INFO ] 2024-07-18 11:03:59.433 [main] ScraperMain - Add Filtered Count: 456
[INFO ] 2024-07-18 11:19:04.860 [main] ScraperMain - Total Data:15686
[INFO ] 2024-07-18 11:19:06.488 [main] JSONReportGenerator - JSON report generated successfully.
[INFO ] 2024-07-18 11:19:06.516 [main] HTMLReportGenerator - HTML report generated successfully.
[INFO ] 2024-07-18 11:19:06.554 [main] JSONReportGenerator - JSON report generated successfully.
[INFO ] 2024-07-18 11:19:06.562 [main] HTMLReportGenerator - HTML report generated successfully.
[INFO ] 2024-07-18 11:19:06.575 [main] JSONReportGenerator - JSON report generated successfully.
[INFO ] 2024-07-18 11:19:06.578 [main] HTMLReportGenerator - HTML report generated successfully.
[INFO ] 2024-07-18 11:19:06.586 [main] JSONReportGenerator - JSON report generated successfully.
[INFO ] 2024-07-18 11:19:06.587 [main] HTMLReportGenerator - HTML report generated successfully.
[INFO ] 2024-07-18 11:19:06.641 [main] JSONReportGenerator - JSON report generated successfully.
[INFO ] 2024-07-18 11:19:06.655 [main] HTMLReportGenerator - HTML report generated successfully.
[INFO ] 2024-07-18 11:19:06.702 [main] JSONReportGenerator - JSON report generated successfully.
[INFO ] 2024-07-18 11:19:06.719 [main] HTMLReportGenerator - HTML report generated successfully.
[INFO ] 2024-07-18 11:19:06.753 [main] JSONReportGenerator - JSON report generated successfully.
[INFO ] 2024-07-18 11:19:06.766 [main] HTMLReportGenerator - HTML report generated successfully.
[INFO ] 2024-07-18 11:19:06.789 [main] JSONReportGenerator - JSON report generated successfully.
[INFO ] 2024-07-18 11:19:06.801 [main] HTMLReportGenerator - HTML report generated successfully.
[INFO ] 2024-07-18 11:19:06.835 [main] JSONReportGenerator - JSON report generated successfully.
[INFO ] 2024-07-18 11:19:06.850 [main] HTMLReportGenerator - HTML report generated successfully.
[INFO ] 2024-07-18 11:19:06.881 [main] JSONReportGenerator - JSON report generated successfully.
[INFO ] 2024-07-18 11:19:06.892 [main] HTMLReportGenerator - HTML report generated successfully.
[INFO ] 2024-07-18 11:19:06.917 [main] JSONReportGenerator - JSON report generated successfully.
[INFO ] 2024-07-18 11:19:06.924 [main] HTMLReportGenerator - HTML report generated successfully.
[INFO ] 2024-07-18 11:19:06.941 [main] JSONReportGenerator - JSON report generated successfully.
[INFO ] 2024-07-18 11:19:06.950 [main] HTMLReportGenerator - HTML report generated successfully.
[INFO ] 2024-07-18 11:19:06.972 [main] JSONReportGenerator - JSON report generated successfully.
[INFO ] 2024-07-18 11:19:06.981 [main] HTMLReportGenerator - HTML report generated successfully.
[INFO ] 2024-07-18 11:19:07.005 [main] JSONReportGenerator - JSON report generated successfully.
[INFO ] 2024-07-18 11:19:07.013 [main] HTMLReportGenerator - HTML report generated successfully.
[INFO ] 2024-07-18 11:19:07.035 [main] JSONReportGenerator - JSON report generated successfully.
[INFO ] 2024-07-18 11:19:07.043 [main] HTMLReportGenerator - HTML report generated successfully.
[INFO ] 2024-07-18 11:19:07.070 [main] JSONReportGenerator - JSON report generated successfully.
[INFO ] 2024-07-18 11:19:07.079 [main] HTMLReportGenerator - HTML report generated successfully.
[INFO ] 2024-07-18 11:19:07.098 [main] JSONReportGenerator - JSON report generated successfully.
[INFO ] 2024-07-18 11:19:07.108 [main] HTMLReportGenerator - HTML report generated successfully.
[INFO ] 2024-07-18 11:19:07.108 [main] ScraperMain - Elimination Filtered Count: 948
[INFO ] 2024-07-18 11:19:07.109 [main] ScraperMain - Add Filtered Count: 456
[INFO ] 2024-07-18 11:21:13.062 [main] ScraperMain - Total Data:15686
[INFO ] 2024-07-18 11:21:14.598 [main] JSONReportGenerator - JSON report generated successfully.
[INFO ] 2024-07-18 11:21:14.624 [main] HTMLReportGenerator - HTML report generated successfully.
[INFO ] 2024-07-18 11:21:14.671 [main] JSONReportGenerator - JSON report generated successfully.
[INFO ] 2024-07-18 11:21:14.681 [main] HTMLReportGenerator - HTML report generated successfully.
[INFO ] 2024-07-18 11:21:14.693 [main] JSONReportGenerator - JSON report generated successfully.
[INFO ] 2024-07-18 11:21:14.698 [main] HTMLReportGenerator - HTML report generated successfully.
[INFO ] 2024-07-18 11:21:14.705 [main] JSONReportGenerator - JSON report generated successfully.
[INFO ] 2024-07-18 11:21:14.706 [main] HTMLReportGenerator - HTML report generated successfully.
[INFO ] 2024-07-18 11:21:14.746 [main] JSONReportGenerator - JSON report generated successfully.
[INFO ] 2024-07-18 11:21:14.758 [main] HTMLReportGenerator - HTML report generated successfully.
[INFO ] 2024-07-18 11:21:14.788 [main] JSONReportGenerator - JSON report generated successfully.
[INFO ] 2024-07-18 11:21:14.801 [main] HTMLReportGenerator - HTML report generated successfully.
[INFO ] 2024-07-18 11:21:14.827 [main] JSONReportGenerator - JSON report generated successfully.
[INFO ] 2024-07-18 11:21:14.839 [main] HTMLReportGenerator - HTML report generated successfully.
[INFO ] 2024-07-18 11:21:14.868 [main] JSONReportGenerator - JSON report generated successfully.
[INFO ] 2024-07-18 11:21:14.874 [main] HTMLReportGenerator - HTML report generated successfully.
[INFO ] 2024-07-18 11:21:14.902 [main] JSONReportGenerator - JSON report generated successfully.
[INFO ] 2024-07-18 11:21:14.910 [main] HTMLReportGenerator - HTML report generated successfully.
[INFO ] 2024-07-18 11:21:14.942 [main] JSONReportGenerator - JSON report generated successfully.
[INFO ] 2024-07-18 11:21:14.955 [main] HTMLReportGenerator - HTML report generated successfully.
[INFO ] 2024-07-18 11:21:14.985 [main] JSONReportGenerator - JSON report generated successfully.
[INFO ] 2024-07-18 11:21:14.994 [main] HTMLReportGenerator - HTML report generated successfully.
[INFO ] 2024-07-18 11:21:15.018 [main] JSONReportGenerator - JSON report generated successfully.
[INFO ] 2024-07-18 11:21:15.031 [main] HTMLReportGenerator - HTML report generated successfully.
[INFO ] 2024-07-18 11:21:15.053 [main] JSONReportGenerator - JSON report generated successfully.
[INFO ] 2024-07-18 11:21:15.062 [main] HTMLReportGenerator - HTML report generated successfully.
[INFO ] 2024-07-18 11:21:15.085 [main] JSONReportGenerator - JSON report generated successfully.
[INFO ] 2024-07-18 11:21:15.097 [main] HTMLReportGenerator - HTML report generated successfully.
[INFO ] 2024-07-18 11:21:15.121 [main] JSONReportGenerator - JSON report generated successfully.
[INFO ] 2024-07-18 11:21:15.129 [main] HTMLReportGenerator - HTML report generated successfully.
[INFO ] 2024-07-18 11:21:15.147 [main] JSONReportGenerator - JSON report generated successfully.
[INFO ] 2024-07-18 11:21:15.154 [main] HTMLReportGenerator - HTML report generated successfully.
[INFO ] 2024-07-18 11:21:15.172 [main] JSONReportGenerator - JSON report generated successfully.
[INFO ] 2024-07-18 11:21:15.180 [main] HTMLReportGenerator - HTML report generated successfully.
[INFO ] 2024-07-18 11:21:15.180 [main] ScraperMain - Elimination Filtered Count: 948
[INFO ] 2024-07-18 11:21:15.182 [main] ScraperMain - Add Filtered Count: 456
[INFO ] 2024-07-18 11:47:23.295 [main] ScraperMain - Total Data:15686
[INFO ] 2024-07-18 11:47:24.682 [main] JSONReportGenerator - JSON report generated successfully.
[INFO ] 2024-07-18 11:47:24.704 [main] HTMLReportGenerator - HTML report generated successfully.
[INFO ] 2024-07-18 11:47:24.747 [main] JSONReportGenerator - JSON report generated successfully.
[INFO ] 2024-07-18 11:47:24.755 [main] HTMLReportGenerator - HTML report generated successfully.
[INFO ] 2024-07-18 11:47:24.764 [main] JSONReportGenerator - JSON report generated successfully.
[INFO ] 2024-07-18 11:47:24.768 [main] HTMLReportGenerator - HTML report generated successfully.
[INFO ] 2024-07-18 11:47:24.772 [main] JSONReportGenerator - JSON report generated successfully.
[INFO ] 2024-07-18 11:47:24.774 [main] HTMLReportGenerator - HTML report generated successfully.
[INFO ] 2024-07-18 11:47:24.804 [main] JSONReportGenerator - JSON report generated successfully.
[INFO ] 2024-07-18 11:47:24.814 [main] HTMLReportGenerator - HTML report generated successfully.
[INFO ] 2024-07-18 11:47:24.843 [main] JSONReportGenerator - JSON report generated successfully.
[INFO ] 2024-07-18 11:47:24.854 [main] HTMLReportGenerator - HTML report generated successfully.
[INFO ] 2024-07-18 11:47:24.876 [main] JSONReportGenerator - JSON report generated successfully.
[INFO ] 2024-07-18 11:47:24.884 [main] HTMLReportGenerator - HTML report generated successfully.
[INFO ] 2024-07-18 11:47:24.904 [main] JSONReportGenerator - JSON report generated successfully.
[INFO ] 2024-07-18 11:47:24.910 [main] HTMLReportGenerator - HTML report generated successfully.
[INFO ] 2024-07-18 11:47:24.929 [main] JSONReportGenerator - JSON report generated successfully.
[INFO ] 2024-07-18 11:47:24.938 [main] HTMLReportGenerator - HTML report generated successfully.
[INFO ] 2024-07-18 11:47:24.959 [main] JSONReportGenerator - JSON report generated successfully.
[INFO ] 2024-07-18 11:47:24.972 [main] HTMLReportGenerator - HTML report generated successfully.
[INFO ] 2024-07-18 11:47:25.001 [main] JSONReportGenerator - JSON report generated successfully.
[INFO ] 2024-07-18 11:47:25.013 [main] HTMLReportGenerator - HTML report generated successfully.
[INFO ] 2024-07-18 11:47:25.042 [main] JSONReportGenerator - JSON report generated successfully.
[INFO ] 2024-07-18 11:47:25.050 [main] HTMLReportGenerator - HTML report generated successfully.
[INFO ] 2024-07-18 11:47:25.071 [main] JSONReportGenerator - JSON report generated successfully.
[INFO ] 2024-07-18 11:47:25.080 [main] HTMLReportGenerator - HTML report generated successfully.
[INFO ] 2024-07-18 11:47:25.096 [main] JSONReportGenerator - JSON report generated successfully.
[INFO ] 2024-07-18 11:47:25.104 [main] HTMLReportGenerator - HTML report generated successfully.
[INFO ] 2024-07-18 11:47:25.122 [main] JSONReportGenerator - JSON report generated successfully.
[INFO ] 2024-07-18 11:47:25.128 [main] HTMLReportGenerator - HTML report generated successfully.
[INFO ] 2024-07-18 11:47:25.145 [main] JSONReportGenerator - JSON report generated successfully.
[INFO ] 2024-07-18 11:47:25.153 [main] HTMLReportGenerator - HTML report generated successfully.
[INFO ] 2024-07-18 11:47:25.171 [main] JSONReportGenerator - JSON report generated successfully.
[INFO ] 2024-07-18 11:47:25.177 [main] HTMLReportGenerator - HTML report generated successfully.
[INFO ] 2024-07-18 11:47:25.178 [main] ScraperMain - Elimination Filtered Count: 948
[INFO ] 2024-07-18 11:47:25.178 [main] ScraperMain - Add Filtered Count: 456
[INFO ] 2024-07-18 12:37:29.650 [main] ScraperMain - Total Data:15686
[INFO ] 2024-07-18 12:37:31.133 [main] JSONReportGenerator - JSON report generated successfully.
[INFO ] 2024-07-18 12:37:31.157 [main] HTMLReportGenerator - HTML report generated successfully.
[INFO ] 2024-07-18 12:37:31.185 [main] JSONReportGenerator - JSON report generated successfully.
[INFO ] 2024-07-18 12:37:31.194 [main] HTMLReportGenerator - HTML report generated successfully.
[INFO ] 2024-07-18 12:37:31.205 [main] JSONReportGenerator - JSON report generated successfully.
[INFO ] 2024-07-18 12:37:31.208 [main] HTMLReportGenerator - HTML report generated successfully.
[INFO ] 2024-07-18 12:37:31.215 [main] JSONReportGenerator - JSON report generated successfully.
[INFO ] 2024-07-18 12:37:31.219 [main] HTMLReportGenerator - HTML report generated successfully.
[INFO ] 2024-07-18 12:37:31.251 [main] JSONReportGenerator - JSON report generated successfully.
[INFO ] 2024-07-18 12:37:31.261 [main] HTMLReportGenerator - HTML report generated successfully.
[INFO ] 2024-07-18 12:37:31.284 [main] JSONReportGenerator - JSON report generated successfully.
[INFO ] 2024-07-18 12:37:31.292 [main] HTMLReportGenerator - HTML report generated successfully.
[INFO ] 2024-07-18 12:37:31.314 [main] JSONReportGenerator - JSON report generated successfully.
[INFO ] 2024-07-18 12:37:31.325 [main] HTMLReportGenerator - HTML report generated successfully.
[INFO ] 2024-07-18 12:37:31.344 [main] JSONReportGenerator - JSON report generated successfully.
[INFO ] 2024-07-18 12:37:31.352 [main] HTMLReportGenerator - HTML report generated successfully.
[INFO ] 2024-07-18 12:37:31.372 [main] JSONReportGenerator - JSON report generated successfully.
[INFO ] 2024-07-18 12:37:31.381 [main] HTMLReportGenerator - HTML report generated successfully.
[INFO ] 2024-07-18 12:37:31.404 [main] JSONReportGenerator - JSON report generated successfully.
[INFO ] 2024-07-18 12:37:31.416 [main] HTMLReportGenerator - HTML report generated successfully.
[INFO ] 2024-07-18 12:37:31.436 [main] JSONReportGenerator - JSON report generated successfully.
[INFO ] 2024-07-18 12:37:31.446 [main] HTMLReportGenerator - HTML report generated successfully.
[INFO ] 2024-07-18 12:37:31.468 [main] JSONReportGenerator - JSON report generated successfully.
[INFO ] 2024-07-18 12:37:31.479 [main] HTMLReportGenerator - HTML report generated successfully.
[INFO ] 2024-07-18 12:37:31.502 [main] JSONReportGenerator - JSON report generated successfully.
[INFO ] 2024-07-18 12:37:31.508 [main] HTMLReportGenerator - HTML report generated successfully.
[INFO ] 2024-07-18 12:37:31.526 [main] JSONReportGenerator - JSON report generated successfully.
[INFO ] 2024-07-18 12:37:31.534 [main] HTMLReportGenerator - HTML report generated successfully.
[INFO ] 2024-07-18 12:37:31.552 [main] JSONReportGenerator - JSON report generated successfully.
[INFO ] 2024-07-18 12:37:31.559 [main] HTMLReportGenerator - HTML report generated successfully.
[INFO ] 2024-07-18 12:37:31.577 [main] JSONReportGenerator - JSON report generated successfully.
[INFO ] 2024-07-18 12:37:31.585 [main] HTMLReportGenerator - HTML report generated successfully.
[INFO ] 2024-07-18 12:37:31.603 [main] JSONReportGenerator - JSON report generated successfully.
[INFO ] 2024-07-18 12:37:31.610 [main] HTMLReportGenerator - HTML report generated successfully.
[INFO ] 2024-07-18 12:37:31.610 [main] ScraperMain - Elimination Filtered Count: 948
[INFO ] 2024-07-18 12:37:31.610 [main] ScraperMain - Add Filtered Count: 456
[INFO ] 2024-07-18 12:37:32.269 [main] JSONReportGenerator - JSON report generated successfully.
[INFO ] 2024-07-18 12:37:32.278 [main] HTMLReportGenerator - HTML report generated successfully.
[INFO ] 2024-07-18 12:37:32.307 [main] JSONReportGenerator - JSON report generated successfully.
[INFO ] 2024-07-18 12:37:32.315 [main] HTMLReportGenerator - HTML report generated successfully.
[INFO ] 2024-07-18 12:37:32.342 [main] JSONReportGenerator - JSON report generated successfully.
[INFO ] 2024-07-18 12:37:32.354 [main] HTMLReportGenerator - HTML report generated successfully.
[INFO ] 2024-07-18 12:37:32.381 [main] JSONReportGenerator - JSON report generated successfully.
[INFO ] 2024-07-18 12:37:32.394 [main] HTMLReportGenerator - HTML report generated successfully.
[INFO ] 2024-07-18 12:37:32.423 [main] JSONReportGenerator - JSON report generated successfully.
[INFO ] 2024-07-18 12:37:32.434 [main] HTMLReportGenerator - HTML report generated successfully.
[INFO ] 2024-07-18 12:37:32.460 [main] JSONReportGenerator - JSON report generated successfully.
[INFO ] 2024-07-18 12:37:32.471 [main] HTMLReportGenerator - HTML report generated successfully.
[INFO ] 2024-07-18 12:37:32.501 [main] JSONReportGenerator - JSON report generated successfully.
[INFO ] 2024-07-18 12:37:32.513 [main] HTMLReportGenerator - HTML report generated successfully.
[INFO ] 2024-07-18 12:37:32.543 [main] JSONReportGenerator - JSON report generated successfully.
[INFO ] 2024-07-18 12:37:32.555 [main] HTMLReportGenerator - HTML report generated successfully.
[INFO ] 2024-07-18 12:37:32.588 [main] JSONReportGenerator - JSON report generated successfully.
[INFO ] 2024-07-18 12:37:32.600 [main] HTMLReportGenerator - HTML report generated successfully.
[INFO ] 2024-07-18 12:37:32.632 [main] JSONReportGenerator - JSON report generated successfully.
[INFO ] 2024-07-18 12:37:32.650 [main] HTMLReportGenerator - HTML report generated successfully.
[INFO ] 2024-07-18 12:37:32.681 [main] JSONReportGenerator - JSON report generated successfully.
[INFO ] 2024-07-18 12:37:32.694 [main] HTMLReportGenerator - HTML report generated successfully.
[INFO ] 2024-07-18 12:37:32.718 [main] JSONReportGenerator - JSON report generated successfully.
[INFO ] 2024-07-18 12:37:32.732 [main] HTMLReportGenerator - HTML report generated successfully.
[INFO ] 2024-07-18 12:37:32.755 [main] JSONReportGenerator - JSON report generated successfully.
[INFO ] 2024-07-18 12:37:32.765 [main] HTMLReportGenerator - HTML report generated successfully.
[INFO ] 2024-07-18 12:37:32.790 [main] JSONReportGenerator - JSON report generated successfully.
[INFO ] 2024-07-18 12:37:32.801 [main] HTMLReportGenerator - HTML report generated successfully.
[INFO ] 2024-07-18 12:37:32.823 [main] JSONReportGenerator - JSON report generated successfully.
[INFO ] 2024-07-18 12:37:32.834 [main] HTMLReportGenerator - HTML report generated successfully.
[INFO ] 2024-07-18 12:37:32.834 [main] ScraperMain - LFV Eliminated Recipe Count: 1216
[INFO ] 2024-07-18 12:37:32.834 [main] ScraperMain - LFV Added Recipe Count: 487
[INFO ] 2024-07-18 12:37:32.834 [main] ScraperMain - LCHF Eliminated Recipe Count 1216
[INFO ] 2024-07-18 12:37:32.834 [main] ScraperMain - LCHF Added Recipe Count: 487
[INFO ] 2024-07-18 12:39:21.110 [main] ScraperMain - Total Data:15686
[INFO ] 2024-07-18 12:39:22.623 [main] JSONReportGenerator - JSON report generated successfully.
[INFO ] 2024-07-18 12:39:22.646 [main] HTMLReportGenerator - HTML report generated successfully.
[INFO ] 2024-07-18 12:39:22.682 [main] JSONReportGenerator - JSON report generated successfully.
[INFO ] 2024-07-18 12:39:22.689 [main] HTMLReportGenerator - HTML report generated successfully.
[INFO ] 2024-07-18 12:39:22.705 [main] JSONReportGenerator - JSON report generated successfully.
[INFO ] 2024-07-18 12:39:22.709 [main] HTMLReportGenerator - HTML report generated successfully.
[INFO ] 2024-07-18 12:39:22.717 [main] JSONReportGenerator - JSON report generated successfully.
[INFO ] 2024-07-18 12:39:22.718 [main] HTMLReportGenerator - HTML report generated successfully.
[INFO ] 2024-07-18 12:39:22.753 [main] JSONReportGenerator - JSON report generated successfully.
[INFO ] 2024-07-18 12:39:22.764 [main] HTMLReportGenerator - HTML report generated successfully.
[INFO ] 2024-07-18 12:39:22.789 [main] JSONReportGenerator - JSON report generated successfully.
[INFO ] 2024-07-18 12:39:22.799 [main] HTMLReportGenerator - HTML report generated successfully.
[INFO ] 2024-07-18 12:39:22.821 [main] JSONReportGenerator - JSON report generated successfully.
[INFO ] 2024-07-18 12:39:22.832 [main] HTMLReportGenerator - HTML report generated successfully.
[INFO ] 2024-07-18 12:39:22.856 [main] JSONReportGenerator - JSON report generated successfully.
[INFO ] 2024-07-18 12:39:22.865 [main] HTMLReportGenerator - HTML report generated successfully.
[INFO ] 2024-07-18 12:39:22.887 [main] JSONReportGenerator - JSON report generated successfully.
[INFO ] 2024-07-18 12:39:22.899 [main] HTMLReportGenerator - HTML report generated successfully.
[INFO ] 2024-07-18 12:39:22.922 [main] JSONReportGenerator - JSON report generated successfully.
[INFO ] 2024-07-18 12:39:22.933 [main] HTMLReportGenerator - HTML report generated successfully.
[INFO ] 2024-07-18 12:39:22.954 [main] JSONReportGenerator - JSON report generated successfully.
[INFO ] 2024-07-18 12:39:22.962 [main] HTMLReportGenerator - HTML report generated successfully.
[INFO ] 2024-07-18 12:39:22.986 [main] JSONReportGenerator - JSON report generated successfully.
[INFO ] 2024-07-18 12:39:22.999 [main] HTMLReportGenerator - HTML report generated successfully.
[INFO ] 2024-07-18 12:39:23.021 [main] JSONReportGenerator - JSON report generated successfully.
[INFO ] 2024-07-18 12:39:23.030 [main] HTMLReportGenerator - HTML report generated successfully.
[INFO ] 2024-07-18 12:39:23.050 [main] JSONReportGenerator - JSON report generated successfully.
[INFO ] 2024-07-18 12:39:23.057 [main] HTMLReportGenerator - HTML report generated successfully.
[INFO ] 2024-07-18 12:39:23.078 [main] JSONReportGenerator - JSON report generated successfully.
[INFO ] 2024-07-18 12:39:23.087 [main] HTMLReportGenerator - HTML report generated successfully.
[INFO ] 2024-07-18 12:39:23.110 [main] JSONReportGenerator - JSON report generated successfully.
[INFO ] 2024-07-18 12:39:23.117 [main] HTMLReportGenerator - HTML report generated successfully.
[INFO ] 2024-07-18 12:39:23.139 [main] JSONReportGenerator - JSON report generated successfully.
[INFO ] 2024-07-18 12:39:23.146 [main] HTMLReportGenerator - HTML report generated successfully.
[INFO ] 2024-07-18 12:39:23.147 [main] ScraperMain - Elimination Filtered Count: 948
[INFO ] 2024-07-18 12:39:23.147 [main] ScraperMain - Add Filtered Count: 456
[INFO ] 2024-07-18 12:39:23.852 [main] JSONReportGenerator - JSON report generated successfully.
[INFO ] 2024-07-18 12:39:23.861 [main] HTMLReportGenerator - HTML report generated successfully.
[INFO ] 2024-07-18 12:39:23.892 [main] JSONReportGenerator - JSON report generated successfully.
[INFO ] 2024-07-18 12:39:23.899 [main] HTMLReportGenerator - HTML report generated successfully.
[INFO ] 2024-07-18 12:39:23.922 [main] JSONReportGenerator - JSON report generated successfully.
[INFO ] 2024-07-18 12:39:23.934 [main] HTMLReportGenerator - HTML report generated successfully.
[INFO ] 2024-07-18 12:39:23.962 [main] JSONReportGenerator - JSON report generated successfully.
[INFO ] 2024-07-18 12:39:23.971 [main] HTMLReportGenerator - HTML report generated successfully.
[INFO ] 2024-07-18 12:39:23.993 [main] JSONReportGenerator - JSON report generated successfully.
[INFO ] 2024-07-18 12:39:24.004 [main] HTMLReportGenerator - HTML report generated successfully.
[INFO ] 2024-07-18 12:39:24.030 [main] JSONReportGenerator - JSON report generated successfully.
[INFO ] 2024-07-18 12:39:24.040 [main] HTMLReportGenerator - HTML report generated successfully.
[INFO ] 2024-07-18 12:39:24.067 [main] JSONReportGenerator - JSON report generated successfully.
[INFO ] 2024-07-18 12:39:24.082 [main] HTMLReportGenerator - HTML report generated successfully.
[INFO ] 2024-07-18 12:39:24.112 [main] JSONReportGenerator - JSON report generated successfully.
[INFO ] 2024-07-18 12:39:24.122 [main] HTMLReportGenerator - HTML report generated successfully.
[INFO ] 2024-07-18 12:39:24.149 [main] JSONReportGenerator - JSON report generated successfully.
[INFO ] 2024-07-18 12:39:24.160 [main] HTMLReportGenerator - HTML report generated successfully.
[INFO ] 2024-07-18 12:39:24.187 [main] JSONReportGenerator - JSON report generated successfully.
[INFO ] 2024-07-18 12:39:24.198 [main] HTMLReportGenerator - HTML report generated successfully.
[INFO ] 2024-07-18 12:39:24.223 [main] JSONReportGenerator - JSON report generated successfully.
[INFO ] 2024-07-18 12:39:24.233 [main] HTMLReportGenerator - HTML report generated successfully.
[INFO ] 2024-07-18 12:39:24.257 [main] JSONReportGenerator - JSON report generated successfully.
[INFO ] 2024-07-18 12:39:24.269 [main] HTMLReportGenerator - HTML report generated successfully.
[INFO ] 2024-07-18 12:39:24.293 [main] JSONReportGenerator - JSON report generated successfully.
[INFO ] 2024-07-18 12:39:24.302 [main] HTMLReportGenerator - HTML report generated successfully.
[INFO ] 2024-07-18 12:39:24.327 [main] JSONReportGenerator - JSON report generated successfully.
[INFO ] 2024-07-18 12:39:24.338 [main] HTMLReportGenerator - HTML report generated successfully.
[INFO ] 2024-07-18 12:39:24.361 [main] JSONReportGenerator - JSON report generated successfully.
[INFO ] 2024-07-18 12:39:24.370 [main] HTMLReportGenerator - HTML report generated successfully.
[INFO ] 2024-07-18 12:39:24.370 [main] ScraperMain - LFV Eliminated Recipe Count: 1216
[INFO ] 2024-07-18 12:39:24.371 [main] ScraperMain - LFV Added Recipe Count: 487
[INFO ] 2024-07-18 12:39:24.371 [main] ScraperMain - LCHF Eliminated Recipe Count 1216
[INFO ] 2024-07-18 12:39:24.371 [main] ScraperMain - LCHF Added Recipe Count: 487
[INFO ] 2024-07-18 12:47:50.361 [main] ScraperMain - Total Data:15686
[INFO ] 2024-07-18 12:47:51.829 [main] JSONReportGenerator - JSON report generated successfully.
[INFO ] 2024-07-18 12:47:51.856 [main] HTMLReportGenerator - HTML report generated successfully.
[INFO ] 2024-07-18 12:47:51.894 [main] JSONReportGenerator - JSON report generated successfully.
[INFO ] 2024-07-18 12:47:51.901 [main] HTMLReportGenerator - HTML report generated successfully.
[INFO ] 2024-07-18 12:47:51.915 [main] JSONReportGenerator - JSON report generated successfully.
[INFO ] 2024-07-18 12:47:51.919 [main] HTMLReportGenerator - HTML report generated successfully.
[INFO ] 2024-07-18 12:47:51.923 [main] JSONReportGenerator - JSON report generated successfully.
[INFO ] 2024-07-18 12:47:51.924 [main] HTMLReportGenerator - HTML report generated successfully.
[INFO ] 2024-07-18 12:47:51.929 [main] JSONReportGenerator - JSON report generated successfully.
[INFO ] 2024-07-18 12:47:51.930 [main] HTMLReportGenerator - HTML report generated successfully.
[INFO ] 2024-07-18 12:47:51.933 [main] JSONReportGenerator - JSON report generated successfully.
[INFO ] 2024-07-18 12:47:51.933 [main] HTMLReportGenerator - HTML report generated successfully.
[INFO ] 2024-07-18 12:47:51.972 [main] JSONReportGenerator - JSON report generated successfully.
[INFO ] 2024-07-18 12:47:51.984 [main] HTMLReportGenerator - HTML report generated successfully.
[INFO ] 2024-07-18 12:47:52.012 [main] JSONReportGenerator - JSON report generated successfully.
[INFO ] 2024-07-18 12:47:52.023 [main] HTMLReportGenerator - HTML report generated successfully.
[INFO ] 2024-07-18 12:47:52.043 [main] JSONReportGenerator - JSON report generated successfully.
[INFO ] 2024-07-18 12:47:52.052 [main] HTMLReportGenerator - HTML report generated successfully.
[INFO ] 2024-07-18 12:47:52.070 [main] JSONReportGenerator - JSON report generated successfully.
[INFO ] 2024-07-18 12:47:52.079 [main] HTMLReportGenerator - HTML report generated successfully.
[INFO ] 2024-07-18 12:47:52.098 [main] JSONReportGenerator - JSON report generated successfully.
[INFO ] 2024-07-18 12:47:52.107 [main] HTMLReportGenerator - HTML report generated successfully.
[INFO ] 2024-07-18 12:47:52.130 [main] JSONReportGenerator - JSON report generated successfully.
[INFO ] 2024-07-18 12:47:52.143 [main] HTMLReportGenerator - HTML report generated successfully.
[INFO ] 2024-07-18 12:47:52.162 [main] JSONReportGenerator - JSON report generated successfully.
[INFO ] 2024-07-18 12:47:52.170 [main] HTMLReportGenerator - HTML report generated successfully.
[INFO ] 2024-07-18 12:47:52.190 [main] JSONReportGenerator - JSON report generated successfully.
[INFO ] 2024-07-18 12:47:52.200 [main] HTMLReportGenerator - HTML report generated successfully.
[INFO ] 2024-07-18 12:47:52.219 [main] JSONReportGenerator - JSON report generated successfully.
[INFO ] 2024-07-18 12:47:52.226 [main] HTMLReportGenerator - HTML report generated successfully.
[INFO ] 2024-07-18 12:47:52.243 [main] JSONReportGenerator - JSON report generated successfully.
[INFO ] 2024-07-18 12:47:52.250 [main] HTMLReportGenerator - HTML report generated successfully.
[INFO ] 2024-07-18 12:47:52.268 [main] JSONReportGenerator - JSON report generated successfully.
[INFO ] 2024-07-18 12:47:52.276 [main] HTMLReportGenerator - HTML report generated successfully.
[INFO ] 2024-07-18 12:47:52.293 [main] JSONReportGenerator - JSON report generated successfully.
[INFO ] 2024-07-18 12:47:52.300 [main] HTMLReportGenerator - HTML report generated successfully.
[INFO ] 2024-07-18 12:47:52.319 [main] JSONReportGenerator - JSON report generated successfully.
[INFO ] 2024-07-18 12:47:52.327 [main] HTMLReportGenerator - HTML report generated successfully.
[INFO ] 2024-07-18 12:47:52.327 [main] ScraperMain - Elimination Filtered Count: 948
[INFO ] 2024-07-18 12:47:52.327 [main] ScraperMain - Add Filtered Count: 456
[INFO ] 2024-07-18 12:47:52.978 [main] JSONReportGenerator - JSON report generated successfully.
[INFO ] 2024-07-18 12:47:52.991 [main] HTMLReportGenerator - HTML report generated successfully.
[INFO ] 2024-07-18 12:47:53.019 [main] JSONReportGenerator - JSON report generated successfully.
[INFO ] 2024-07-18 12:47:53.024 [main] HTMLReportGenerator - HTML report generated successfully.
[INFO ] 2024-07-18 12:47:53.047 [main] JSONReportGenerator - JSON report generated successfully.
[INFO ] 2024-07-18 12:47:53.057 [main] HTMLReportGenerator - HTML report generated successfully.
[INFO ] 2024-07-18 12:47:53.080 [main] JSONReportGenerator - JSON report generated successfully.
[INFO ] 2024-07-18 12:47:53.089 [main] HTMLReportGenerator - HTML report generated successfully.
[INFO ] 2024-07-18 12:47:53.110 [main] JSONReportGenerator - JSON report generated successfully.
[INFO ] 2024-07-18 12:47:53.120 [main] HTMLReportGenerator - HTML report generated successfully.
[INFO ] 2024-07-18 12:47:53.146 [main] JSONReportGenerator - JSON report generated successfully.
[INFO ] 2024-07-18 12:47:53.157 [main] HTMLReportGenerator - HTML report generated successfully.
[INFO ] 2024-07-18 12:47:53.185 [main] JSONReportGenerator - JSON report generated successfully.
[INFO ] 2024-07-18 12:47:53.198 [main] HTMLReportGenerator - HTML report generated successfully.
[INFO ] 2024-07-18 12:47:53.223 [main] JSONReportGenerator - JSON report generated successfully.
[INFO ] 2024-07-18 12:47:53.233 [main] HTMLReportGenerator - HTML report generated successfully.
[INFO ] 2024-07-18 12:47:53.260 [main] JSONReportGenerator - JSON report generated successfully.
[INFO ] 2024-07-18 12:47:53.272 [main] HTMLReportGenerator - HTML report generated successfully.
[INFO ] 2024-07-18 12:47:53.301 [main] JSONReportGenerator - JSON report generated successfully.
[INFO ] 2024-07-18 12:47:53.312 [main] HTMLReportGenerator - HTML report generated successfully.
[INFO ] 2024-07-18 12:47:53.342 [main] JSONReportGenerator - JSON report generated successfully.
[INFO ] 2024-07-18 12:47:53.350 [main] HTMLReportGenerator - HTML report generated successfully.
[INFO ] 2024-07-18 12:47:53.377 [main] JSONReportGenerator - JSON report generated successfully.
[INFO ] 2024-07-18 12:47:53.392 [main] HTMLReportGenerator - HTML report generated successfully.
[INFO ] 2024-07-18 12:47:53.417 [main] JSONReportGenerator - JSON report generated successfully.
[INFO ] 2024-07-18 12:47:53.427 [main] HTMLReportGenerator - HTML report generated successfully.
[INFO ] 2024-07-18 12:47:53.449 [main] JSONReportGenerator - JSON report generated successfully.
[INFO ] 2024-07-18 12:47:53.461 [main] HTMLReportGenerator - HTML report generated successfully.
[INFO ] 2024-07-18 12:47:53.488 [main] JSONReportGenerator - JSON report generated successfully.
[INFO ] 2024-07-18 12:47:53.498 [main] HTMLReportGenerator - HTML report generated successfully.
[INFO ] 2024-07-18 12:47:53.499 [main] ScraperMain - LFV Eliminated Recipe Count: 1216
[INFO ] 2024-07-18 12:47:53.500 [main] ScraperMain - LFV Added Recipe Count: 487
[INFO ] 2024-07-18 12:47:53.500 [main] ScraperMain - LCHF Eliminated Recipe Count 1216
[INFO ] 2024-07-18 12:47:53.500 [main] ScraperMain - LCHF Added Recipe Count: 487
[INFO ] 2024-07-18 12:50:30.576 [main] ScraperMain - Total Data:15686
[INFO ] 2024-07-18 12:50:32.003 [main] JSONReportGenerator - JSON report generated successfully.
[INFO ] 2024-07-18 12:50:32.030 [main] HTMLReportGenerator - HTML report generated successfully.
[INFO ] 2024-07-18 12:50:32.078 [main] JSONReportGenerator - JSON report generated successfully.
[INFO ] 2024-07-18 12:50:32.089 [main] HTMLReportGenerator - HTML report generated successfully.
[INFO ] 2024-07-18 12:50:32.105 [main] JSONReportGenerator - JSON report generated successfully.
[INFO ] 2024-07-18 12:50:32.109 [main] HTMLReportGenerator - HTML report generated successfully.
[INFO ] 2024-07-18 12:50:32.113 [main] JSONReportGenerator - JSON report generated successfully.
[INFO ] 2024-07-18 12:50:32.114 [main] HTMLReportGenerator - HTML report generated successfully.
[INFO ] 2024-07-18 12:50:32.119 [main] JSONReportGenerator - JSON report generated successfully.
[INFO ] 2024-07-18 12:50:32.121 [main] HTMLReportGenerator - HTML report generated successfully.
[INFO ] 2024-07-18 12:50:32.123 [main] JSONReportGenerator - JSON report generated successfully.
[INFO ] 2024-07-18 12:50:32.126 [main] HTMLReportGenerator - HTML report generated successfully.
[INFO ] 2024-07-18 12:50:32.174 [main] JSONReportGenerator - JSON report generated successfully.
[INFO ] 2024-07-18 12:50:32.187 [main] HTMLReportGenerator - HTML report generated successfully.
[INFO ] 2024-07-18 12:50:32.227 [main] JSONReportGenerator - JSON report generated successfully.
[INFO ] 2024-07-18 12:50:32.236 [main] HTMLReportGenerator - HTML report generated successfully.
[INFO ] 2024-07-18 12:50:32.258 [main] JSONReportGenerator - JSON report generated successfully.
[INFO ] 2024-07-18 12:50:32.265 [main] HTMLReportGenerator - HTML report generated successfully.
[INFO ] 2024-07-18 12:50:32.286 [main] JSONReportGenerator - JSON report generated successfully.
[INFO ] 2024-07-18 12:50:32.293 [main] HTMLReportGenerator - HTML report generated successfully.
[INFO ] 2024-07-18 12:50:32.316 [main] JSONReportGenerator - JSON report generated successfully.
[INFO ] 2024-07-18 12:50:32.326 [main] HTMLReportGenerator - HTML report generated successfully.
[INFO ] 2024-07-18 12:50:32.349 [main] JSONReportGenerator - JSON report generated successfully.
[INFO ] 2024-07-18 12:50:32.359 [main] HTMLReportGenerator - HTML report generated successfully.
[INFO ] 2024-07-18 12:50:32.382 [main] JSONReportGenerator - JSON report generated successfully.
[INFO ] 2024-07-18 12:50:32.393 [main] HTMLReportGenerator - HTML report generated successfully.
[INFO ] 2024-07-18 12:50:32.420 [main] JSONReportGenerator - JSON report generated successfully.
[INFO ] 2024-07-18 12:50:32.434 [main] HTMLReportGenerator - HTML report generated successfully.
[INFO ] 2024-07-18 12:50:32.457 [main] JSONReportGenerator - JSON report generated successfully.
[INFO ] 2024-07-18 12:50:32.468 [main] HTMLReportGenerator - HTML report generated successfully.
[INFO ] 2024-07-18 12:50:32.489 [main] JSONReportGenerator - JSON report generated successfully.
[INFO ] 2024-07-18 12:50:32.495 [main] HTMLReportGenerator - HTML report generated successfully.
[INFO ] 2024-07-18 12:50:32.515 [main] JSONReportGenerator - JSON report generated successfully.
[INFO ] 2024-07-18 12:50:32.522 [main] HTMLReportGenerator - HTML report generated successfully.
[INFO ] 2024-07-18 12:50:32.540 [main] JSONReportGenerator - JSON report generated successfully.
[INFO ] 2024-07-18 12:50:32.547 [main] HTMLReportGenerator - HTML report generated successfully.
[INFO ] 2024-07-18 12:50:32.565 [main] JSONReportGenerator - JSON report generated successfully.
[INFO ] 2024-07-18 12:50:32.573 [main] HTMLReportGenerator - HTML report generated successfully.
[INFO ] 2024-07-18 12:50:32.575 [main] ScraperMain - Elimination Filtered Count: 948
[INFO ] 2024-07-18 12:50:32.575 [main] ScraperMain - Add Filtered Count: 456
[INFO ] 2024-07-18 12:50:33.268 [main] JSONReportGenerator - JSON report generated successfully.
[INFO ] 2024-07-18 12:50:33.279 [main] HTMLReportGenerator - HTML report generated successfully.
[INFO ] 2024-07-18 12:50:33.309 [main] JSONReportGenerator - JSON report generated successfully.
[INFO ] 2024-07-18 12:50:33.316 [main] HTMLReportGenerator - HTML report generated successfully.
[INFO ] 2024-07-18 12:50:33.342 [main] JSONReportGenerator - JSON report generated successfully.
[INFO ] 2024-07-18 12:50:33.352 [main] HTMLReportGenerator - HTML report generated successfully.
[INFO ] 2024-07-18 12:50:33.379 [main] JSONReportGenerator - JSON report generated successfully.
[INFO ] 2024-07-18 12:50:33.390 [main] HTMLReportGenerator - HTML report generated successfully.
[INFO ] 2024-07-18 12:50:33.412 [main] JSONReportGenerator - JSON report generated successfully.
[INFO ] 2024-07-18 12:50:33.423 [main] HTMLReportGenerator - HTML report generated successfully.
[INFO ] 2024-07-18 12:50:33.449 [main] JSONReportGenerator - JSON report generated successfully.
[INFO ] 2024-07-18 12:50:33.458 [main] HTMLReportGenerator - HTML report generated successfully.
[INFO ] 2024-07-18 12:50:33.488 [main] JSONReportGenerator - JSON report generated successfully.
[INFO ] 2024-07-18 12:50:33.498 [main] HTMLReportGenerator - HTML report generated successfully.
[INFO ] 2024-07-18 12:50:33.525 [main] JSONReportGenerator - JSON report generated successfully.
[INFO ] 2024-07-18 12:50:33.536 [main] HTMLReportGenerator - HTML report generated successfully.
[INFO ] 2024-07-18 12:50:33.562 [main] JSONReportGenerator - JSON report generated successfully.
[INFO ] 2024-07-18 12:50:33.572 [main] HTMLReportGenerator - HTML report generated successfully.
[INFO ] 2024-07-18 12:50:33.599 [main] JSONReportGenerator - JSON report generated successfully.
[INFO ] 2024-07-18 12:50:33.610 [main] HTMLReportGenerator - HTML report generated successfully.
[INFO ] 2024-07-18 12:50:33.633 [main] JSONReportGenerator - JSON report generated successfully.
[INFO ] 2024-07-18 12:50:33.642 [main] HTMLReportGenerator - HTML report generated successfully.
[INFO ] 2024-07-18 12:50:33.666 [main] JSONReportGenerator - JSON report generated successfully.
[INFO ] 2024-07-18 12:50:33.678 [main] HTMLReportGenerator - HTML report generated successfully.
[INFO ] 2024-07-18 12:50:33.701 [main] JSONReportGenerator - JSON report generated successfully.
[INFO ] 2024-07-18 12:50:33.711 [main] HTMLReportGenerator - HTML report generated successfully.
[INFO ] 2024-07-18 12:50:33.738 [main] JSONReportGenerator - JSON report generated successfully.
[INFO ] 2024-07-18 12:50:33.746 [main] HTMLReportGenerator - HTML report generated successfully.
[INFO ] 2024-07-18 12:50:33.774 [main] JSONReportGenerator - JSON report generated successfully.
[INFO ] 2024-07-18 12:50:33.782 [main] HTMLReportGenerator - HTML report generated successfully.
[INFO ] 2024-07-18 12:50:33.783 [main] ScraperMain - LFV Eliminated Recipe Count: 1216
[INFO ] 2024-07-18 12:50:33.783 [main] ScraperMain - LFV Added Recipe Count: 487
[INFO ] 2024-07-18 12:50:33.783 [main] ScraperMain - LCHF Eliminated Recipe Count 1216
[INFO ] 2024-07-18 12:50:33.783 [main] ScraperMain - LCHF Added Recipe Count: 487
[INFO ] 2024-07-18 13:45:11.920 [main] ScraperMain - Total Data:15686
[INFO ] 2024-07-18 13:45:13.570 [main] JSONReportGenerator - JSON report generated successfully.
[INFO ] 2024-07-18 13:45:13.597 [main] HTMLReportGenerator - HTML report generated successfully.
[INFO ] 2024-07-18 13:45:13.634 [main] JSONReportGenerator - JSON report generated successfully.
[INFO ] 2024-07-18 13:45:13.642 [main] HTMLReportGenerator - HTML report generated successfully.
[INFO ] 2024-07-18 13:45:13.655 [main] JSONReportGenerator - JSON report generated successfully.
[INFO ] 2024-07-18 13:45:13.659 [main] HTMLReportGenerator - HTML report generated successfully.
[INFO ] 2024-07-18 13:45:13.704 [main] JSONReportGenerator - JSON report generated successfully.
[INFO ] 2024-07-18 13:45:13.716 [main] HTMLReportGenerator - HTML report generated successfully.
[INFO ] 2024-07-18 13:45:13.743 [main] JSONReportGenerator - JSON report generated successfully.
[INFO ] 2024-07-18 13:45:13.754 [main] HTMLReportGenerator - HTML report generated successfully.
[INFO ] 2024-07-18 13:45:13.774 [main] JSONReportGenerator - JSON report generated successfully.
[INFO ] 2024-07-18 13:45:13.781 [main] HTMLReportGenerator - HTML report generated successfully.
[INFO ] 2024-07-18 13:45:13.808 [main] JSONReportGenerator - JSON report generated successfully.
[INFO ] 2024-07-18 13:45:13.822 [main] HTMLReportGenerator - HTML report generated successfully.
[INFO ] 2024-07-18 13:45:13.851 [main] JSONReportGenerator - JSON report generated successfully.
[INFO ] 2024-07-18 13:45:13.866 [main] HTMLReportGenerator - HTML report generated successfully.
[INFO ] 2024-07-18 13:45:13.889 [main] JSONReportGenerator - JSON report generated successfully.
[INFO ] 2024-07-18 13:45:13.903 [main] HTMLReportGenerator - HTML report generated successfully.
[INFO ] 2024-07-18 13:45:13.923 [main] JSONReportGenerator - JSON report generated successfully.
[INFO ] 2024-07-18 13:45:13.931 [main] HTMLReportGenerator - HTML report generated successfully.
[INFO ] 2024-07-18 13:45:13.947 [main] JSONReportGenerator - JSON report generated successfully.
[INFO ] 2024-07-18 13:45:13.955 [main] HTMLReportGenerator - HTML report generated successfully.
[INFO ] 2024-07-18 13:45:13.976 [main] JSONReportGenerator - JSON report generated successfully.
[INFO ] 2024-07-18 13:45:13.984 [main] HTMLReportGenerator - HTML report generated successfully.
[INFO ] 2024-07-18 13:45:14.010 [main] JSONReportGenerator - JSON report generated successfully.
[INFO ] 2024-07-18 13:45:14.020 [main] HTMLReportGenerator - HTML report generated successfully.
[INFO ] 2024-07-18 13:45:14.039 [main] JSONReportGenerator - JSON report generated successfully.
[INFO ] 2024-07-18 13:45:14.052 [main] HTMLReportGenerator - HTML report generated successfully.
[INFO ] 2024-07-18 13:45:14.072 [main] JSONReportGenerator - JSON report generated successfully.
[INFO ] 2024-07-18 13:45:14.080 [main] HTMLReportGenerator - HTML report generated successfully.
[INFO ] 2024-07-18 13:45:14.098 [main] JSONReportGenerator - JSON report generated successfully.
[INFO ] 2024-07-18 13:45:14.108 [main] HTMLReportGenerator - HTML report generated successfully.
[INFO ] 2024-07-18 13:45:14.132 [main] JSONReportGenerator - JSON report generated successfully.
[INFO ] 2024-07-18 13:45:14.141 [main] HTMLReportGenerator - HTML report generated successfully.
[INFO ] 2024-07-18 13:45:14.162 [main] JSONReportGenerator - JSON report generated successfully.
[INFO ] 2024-07-18 13:45:14.170 [main] HTMLReportGenerator - HTML report generated successfully.
[INFO ] 2024-07-18 13:45:14.190 [main] JSONReportGenerator - JSON report generated successfully.
[INFO ] 2024-07-18 13:45:14.198 [main] HTMLReportGenerator - HTML report generated successfully.
[INFO ] 2024-07-18 13:45:14.199 [main] ScraperMain - Elimination Filtered Count: 921
[INFO ] 2024-07-18 13:45:14.199 [main] ScraperMain - Add Filtered Count: 453
[INFO ] 2024-07-18 13:45:14.829 [main] JSONReportGenerator - JSON report generated successfully.
[INFO ] 2024-07-18 13:45:14.838 [main] HTMLReportGenerator - HTML report generated successfully.
[INFO ] 2024-07-18 13:45:14.872 [main] JSONReportGenerator - JSON report generated successfully.
[INFO ] 2024-07-18 13:45:14.876 [main] HTMLReportGenerator - HTML report generated successfully.
[INFO ] 2024-07-18 13:45:14.902 [main] JSONReportGenerator - JSON report generated successfully.
[INFO ] 2024-07-18 13:45:14.910 [main] HTMLReportGenerator - HTML report generated successfully.
[INFO ] 2024-07-18 13:45:14.943 [main] JSONReportGenerator - JSON report generated successfully.
[INFO ] 2024-07-18 13:45:14.955 [main] HTMLReportGenerator - HTML report generated successfully.
[INFO ] 2024-07-18 13:45:14.983 [main] JSONReportGenerator - JSON report generated successfully.
[INFO ] 2024-07-18 13:45:14.992 [main] HTMLReportGenerator - HTML report generated successfully.
[INFO ] 2024-07-18 13:45:15.023 [main] JSONReportGenerator - JSON report generated successfully.
[INFO ] 2024-07-18 13:45:15.031 [main] HTMLReportGenerator - HTML report generated successfully.
[INFO ] 2024-07-18 13:45:15.060 [main] JSONReportGenerator - JSON report generated successfully.
[INFO ] 2024-07-18 13:45:15.072 [main] HTMLReportGenerator - HTML report generated successfully.
[INFO ] 2024-07-18 13:45:15.101 [main] JSONReportGenerator - JSON report generated successfully.
[INFO ] 2024-07-18 13:45:15.113 [main] HTMLReportGenerator - HTML report generated successfully.
[INFO ] 2024-07-18 13:45:15.139 [main] JSONReportGenerator - JSON report generated successfully.
[INFO ] 2024-07-18 13:45:15.149 [main] HTMLReportGenerator - HTML report generated successfully.
[INFO ] 2024-07-18 13:45:15.176 [main] JSONReportGenerator - JSON report generated successfully.
[INFO ] 2024-07-18 13:45:15.187 [main] HTMLReportGenerator - HTML report generated successfully.
[INFO ] 2024-07-18 13:45:15.210 [main] JSONReportGenerator - JSON report generated successfully.
[INFO ] 2024-07-18 13:45:15.221 [main] HTMLReportGenerator - HTML report generated successfully.
[INFO ] 2024-07-18 13:45:15.246 [main] JSONReportGenerator - JSON report generated successfully.
[INFO ] 2024-07-18 13:45:15.254 [main] HTMLReportGenerator - HTML report generated successfully.
[INFO ] 2024-07-18 13:45:15.276 [main] JSONReportGenerator - JSON report generated successfully.
[INFO ] 2024-07-18 13:45:15.285 [main] HTMLReportGenerator - HTML report generated successfully.
[INFO ] 2024-07-18 13:45:15.308 [main] JSONReportGenerator - JSON report generated successfully.
[INFO ] 2024-07-18 13:45:15.317 [main] HTMLReportGenerator - HTML report generated successfully.
[INFO ] 2024-07-18 13:45:15.340 [main] JSONReportGenerator - JSON report generated successfully.
[INFO ] 2024-07-18 13:45:15.348 [main] HTMLReportGenerator - HTML report generated successfully.
[INFO ] 2024-07-18 13:45:15.348 [main] ScraperMain - LFV Eliminated Recipe Count: 1216
[INFO ] 2024-07-18 13:45:15.350 [main] ScraperMain - LFV Added Recipe Count: 487
[INFO ] 2024-07-18 13:45:15.350 [main] ScraperMain - LCHF Eliminated Recipe Count 1216
[INFO ] 2024-07-18 13:45:15.350 [main] ScraperMain - LCHF Added Recipe Count: 487
[INFO ] 2024-07-18 13:47:54.740 [main] ScraperMain - Total Data:15686
[INFO ] 2024-07-18 13:47:56.732 [main] JSONReportGenerator - JSON report generated successfully.
[INFO ] 2024-07-18 13:47:56.755 [main] HTMLReportGenerator - HTML report generated successfully.
[INFO ] 2024-07-18 13:47:56.796 [main] JSONReportGenerator - JSON report generated successfully.
[INFO ] 2024-07-18 13:47:56.805 [main] HTMLReportGenerator - HTML report generated successfully.
[INFO ] 2024-07-18 13:47:56.818 [main] JSONReportGenerator - JSON report generated successfully.
[INFO ] 2024-07-18 13:47:56.822 [main] HTMLReportGenerator - HTML report generated successfully.
[INFO ] 2024-07-18 13:47:56.828 [main] JSONReportGenerator - JSON report generated successfully.
[INFO ] 2024-07-18 13:47:56.831 [main] HTMLReportGenerator - HTML report generated successfully.
[INFO ] 2024-07-18 13:47:56.837 [main] JSONReportGenerator - JSON report generated successfully.
[INFO ] 2024-07-18 13:47:56.839 [main] HTMLReportGenerator - HTML report generated successfully.
[INFO ] 2024-07-18 13:47:56.844 [main] JSONReportGenerator - JSON report generated successfully.
[INFO ] 2024-07-18 13:47:56.847 [main] HTMLReportGenerator - HTML report generated successfully.
[INFO ] 2024-07-18 13:47:56.888 [main] JSONReportGenerator - JSON report generated successfully.
[INFO ] 2024-07-18 13:47:56.902 [main] HTMLReportGenerator - HTML report generated successfully.
[INFO ] 2024-07-18 13:47:56.931 [main] JSONReportGenerator - JSON report generated successfully.
[INFO ] 2024-07-18 13:47:56.940 [main] HTMLReportGenerator - HTML report generated successfully.
[INFO ] 2024-07-18 13:47:56.967 [main] JSONReportGenerator - JSON report generated successfully.
[INFO ] 2024-07-18 13:47:56.976 [main] HTMLReportGenerator - HTML report generated successfully.
[INFO ] 2024-07-18 13:47:57.000 [main] JSONReportGenerator - JSON report generated successfully.
[INFO ] 2024-07-18 13:47:57.011 [main] HTMLReportGenerator - HTML report generated successfully.
[INFO ] 2024-07-18 13:47:57.041 [main] JSONReportGenerator - JSON report generated successfully.
[INFO ] 2024-07-18 13:47:57.051 [main] HTMLReportGenerator - HTML report generated successfully.
[INFO ] 2024-07-18 13:47:57.080 [main] JSONReportGenerator - JSON report generated successfully.
[INFO ] 2024-07-18 13:47:57.092 [main] HTMLReportGenerator - HTML report generated successfully.
[INFO ] 2024-07-18 13:47:57.124 [main] JSONReportGenerator - JSON report generated successfully.
[INFO ] 2024-07-18 13:47:57.140 [main] HTMLReportGenerator - HTML report generated successfully.
[INFO ] 2024-07-18 13:47:57.177 [main] JSONReportGenerator - JSON report generated successfully.
[INFO ] 2024-07-18 13:47:57.192 [main] HTMLReportGenerator - HTML report generated successfully.
[INFO ] 2024-07-18 13:47:57.233 [main] JSONReportGenerator - JSON report generated successfully.
[INFO ] 2024-07-18 13:47:57.241 [main] HTMLReportGenerator - HTML report generated successfully.
[INFO ] 2024-07-18 13:47:57.267 [main] JSONReportGenerator - JSON report generated successfully.
[INFO ] 2024-07-18 13:47:57.277 [main] HTMLReportGenerator - HTML report generated successfully.
[INFO ] 2024-07-18 13:47:57.298 [main] JSONReportGenerator - JSON report generated successfully.
[INFO ] 2024-07-18 13:47:57.308 [main] HTMLReportGenerator - HTML report generated successfully.
[INFO ] 2024-07-18 13:47:57.332 [main] JSONReportGenerator - JSON report generated successfully.
[INFO ] 2024-07-18 13:47:57.339 [main] HTMLReportGenerator - HTML report generated successfully.
[INFO ] 2024-07-18 13:47:57.362 [main] JSONReportGenerator - JSON report generated successfully.
[INFO ] 2024-07-18 13:47:57.369 [main] HTMLReportGenerator - HTML report generated successfully.
[INFO ] 2024-07-18 13:47:57.370 [main] ScraperMain - Elimination Filtered Count: 921
[INFO ] 2024-07-18 13:47:57.370 [main] ScraperMain - Add Filtered Count: 453
[INFO ] 2024-07-18 13:47:58.092 [main] JSONReportGenerator - JSON report generated successfully.
[INFO ] 2024-07-18 13:47:58.102 [main] HTMLReportGenerator - HTML report generated successfully.
[INFO ] 2024-07-18 13:47:58.134 [main] JSONReportGenerator - JSON report generated successfully.
[INFO ] 2024-07-18 13:47:58.140 [main] HTMLReportGenerator - HTML report generated successfully.
[INFO ] 2024-07-18 13:47:58.171 [main] JSONReportGenerator - JSON report generated successfully.
[INFO ] 2024-07-18 13:47:58.182 [main] HTMLReportGenerator - HTML report generated successfully.
[INFO ] 2024-07-18 13:47:58.214 [main] JSONReportGenerator - JSON report generated successfully.
[INFO ] 2024-07-18 13:47:58.224 [main] HTMLReportGenerator - HTML report generated successfully.
[INFO ] 2024-07-18 13:47:58.253 [main] JSONReportGenerator - JSON report generated successfully.
[INFO ] 2024-07-18 13:47:58.264 [main] HTMLReportGenerator - HTML report generated successfully.
[INFO ] 2024-07-18 13:47:58.293 [main] JSONReportGenerator - JSON report generated successfully.
[INFO ] 2024-07-18 13:47:58.303 [main] HTMLReportGenerator - HTML report generated successfully.
[INFO ] 2024-07-18 13:47:58.334 [main] JSONReportGenerator - JSON report generated successfully.
[INFO ] 2024-07-18 13:47:58.349 [main] HTMLReportGenerator - HTML report generated successfully.
[INFO ] 2024-07-18 13:47:58.379 [main] JSONReportGenerator - JSON report generated successfully.
[INFO ] 2024-07-18 13:47:58.390 [main] HTMLReportGenerator - HTML report generated successfully.
[INFO ] 2024-07-18 13:47:58.420 [main] JSONReportGenerator - JSON report generated successfully.
[INFO ] 2024-07-18 13:47:58.434 [main] HTMLReportGenerator - HTML report generated successfully.
[INFO ] 2024-07-18 13:47:58.467 [main] JSONReportGenerator - JSON report generated successfully.
[INFO ] 2024-07-18 13:47:58.481 [main] HTMLReportGenerator - HTML report generated successfully.
[INFO ] 2024-07-18 13:47:58.515 [main] JSONReportGenerator - JSON report generated successfully.
[INFO ] 2024-07-18 13:47:58.526 [main] HTMLReportGenerator - HTML report generated successfully.
[INFO ] 2024-07-18 13:47:58.556 [main] JSONReportGenerator - JSON report generated successfully.
[INFO ] 2024-07-18 13:47:58.566 [main] HTMLReportGenerator - HTML report generated successfully.
[INFO ] 2024-07-18 13:47:58.596 [main] JSONReportGenerator - JSON report generated successfully.
[INFO ] 2024-07-18 13:47:58.606 [main] HTMLReportGenerator - HTML report generated successfully.
[INFO ] 2024-07-18 13:47:58.635 [main] JSONReportGenerator - JSON report generated successfully.
[INFO ] 2024-07-18 13:47:58.648 [main] HTMLReportGenerator - HTML report generated successfully.
[INFO ] 2024-07-18 13:47:58.680 [main] JSONReportGenerator - JSON report generated successfully.
[INFO ] 2024-07-18 13:47:58.688 [main] HTMLReportGenerator - HTML report generated successfully.
[INFO ] 2024-07-18 13:47:58.690 [main] ScraperMain - LFV Eliminated Recipe Count: 1216
[INFO ] 2024-07-18 13:47:58.690 [main] ScraperMain - LFV Added Recipe Count: 487
[INFO ] 2024-07-18 13:47:58.690 [main] ScraperMain - LCHF Eliminated Recipe Count 1216
[INFO ] 2024-07-18 13:47:58.690 [main] ScraperMain - LCHF Added Recipe Count: 487
[INFO ] 2024-07-18 13:51:43.730 [main] ScraperMain - Total Data:15686
[INFO ] 2024-07-18 13:51:45.353 [main] JSONReportGenerator - JSON report generated successfully.
[INFO ] 2024-07-18 13:51:45.381 [main] HTMLReportGenerator - HTML report generated successfully.
[INFO ] 2024-07-18 13:51:45.427 [main] JSONReportGenerator - JSON report generated successfully.
[INFO ] 2024-07-18 13:51:45.437 [main] HTMLReportGenerator - HTML report generated successfully.
[INFO ] 2024-07-18 13:51:45.453 [main] JSONReportGenerator - JSON report generated successfully.
[INFO ] 2024-07-18 13:51:45.459 [main] HTMLReportGenerator - HTML report generated successfully.
[INFO ] 2024-07-18 13:51:45.463 [main] JSONReportGenerator - JSON report generated successfully.
[INFO ] 2024-07-18 13:51:45.465 [main] HTMLReportGenerator - HTML report generated successfully.
[INFO ] 2024-07-18 13:51:45.469 [main] JSONReportGenerator - JSON report generated successfully.
[INFO ] 2024-07-18 13:51:45.471 [main] HTMLReportGenerator - HTML report generated successfully.
[INFO ] 2024-07-18 13:51:45.475 [main] JSONReportGenerator - JSON report generated successfully.
[INFO ] 2024-07-18 13:51:45.477 [main] HTMLReportGenerator - HTML report generated successfully.
[INFO ] 2024-07-18 13:51:45.516 [main] JSONReportGenerator - JSON report generated successfully.
[INFO ] 2024-07-18 13:51:45.532 [main] HTMLReportGenerator - HTML report generated successfully.
[INFO ] 2024-07-18 13:51:45.562 [main] JSONReportGenerator - JSON report generated successfully.
[INFO ] 2024-07-18 13:51:45.571 [main] HTMLReportGenerator - HTML report generated successfully.
[INFO ] 2024-07-18 13:51:45.597 [main] JSONReportGenerator - JSON report generated successfully.
[INFO ] 2024-07-18 13:51:45.609 [main] HTMLReportGenerator - HTML report generated successfully.
[INFO ] 2024-07-18 13:51:45.628 [main] JSONReportGenerator - JSON report generated successfully.
[INFO ] 2024-07-18 13:51:45.634 [main] HTMLReportGenerator - HTML report generated successfully.
[INFO ] 2024-07-18 13:51:45.655 [main] JSONReportGenerator - JSON report generated successfully.
[INFO ] 2024-07-18 13:51:45.662 [main] HTMLReportGenerator - HTML report generated successfully.
[INFO ] 2024-07-18 13:51:45.680 [main] JSONReportGenerator - JSON report generated successfully.
[INFO ] 2024-07-18 13:51:45.690 [main] HTMLReportGenerator - HTML report generated successfully.
[INFO ] 2024-07-18 13:51:45.716 [main] JSONReportGenerator - JSON report generated successfully.
[INFO ] 2024-07-18 13:51:45.727 [main] HTMLReportGenerator - HTML report generated successfully.
[INFO ] 2024-07-18 13:51:45.748 [main] JSONReportGenerator - JSON report generated successfully.
[INFO ] 2024-07-18 13:51:45.758 [main] HTMLReportGenerator - HTML report generated successfully.
[INFO ] 2024-07-18 13:51:45.780 [main] JSONReportGenerator - JSON report generated successfully.
[INFO ] 2024-07-18 13:51:45.787 [main] HTMLReportGenerator - HTML report generated successfully.
[INFO ] 2024-07-18 13:51:45.804 [main] JSONReportGenerator - JSON report generated successfully.
[INFO ] 2024-07-18 13:51:45.812 [main] HTMLReportGenerator - HTML report generated successfully.
[INFO ] 2024-07-18 13:51:45.834 [main] JSONReportGenerator - JSON report generated successfully.
[INFO ] 2024-07-18 13:51:45.843 [main] HTMLReportGenerator - HTML report generated successfully.
[INFO ] 2024-07-18 13:51:45.861 [main] JSONReportGenerator - JSON report generated successfully.
[INFO ] 2024-07-18 13:51:45.869 [main] HTMLReportGenerator - HTML report generated successfully.
[INFO ] 2024-07-18 13:51:45.888 [main] JSONReportGenerator - JSON report generated successfully.
[INFO ] 2024-07-18 13:51:45.894 [main] HTMLReportGenerator - HTML report generated successfully.
[INFO ] 2024-07-18 13:51:45.895 [main] ScraperMain - Elimination Filtered Count: 921
[INFO ] 2024-07-18 13:51:45.895 [main] ScraperMain - Add Filtered Count: 453
[INFO ] 2024-07-18 13:51:46.496 [main] JSONReportGenerator - JSON report generated successfully.
[INFO ] 2024-07-18 13:51:46.505 [main] HTMLReportGenerator - HTML report generated successfully.
[INFO ] 2024-07-18 13:51:46.535 [main] JSONReportGenerator - JSON report generated successfully.
[INFO ] 2024-07-18 13:51:46.541 [main] HTMLReportGenerator - HTML report generated successfully.
[INFO ] 2024-07-18 13:51:46.567 [main] JSONReportGenerator - JSON report generated successfully.
[INFO ] 2024-07-18 13:51:46.577 [main] HTMLReportGenerator - HTML report generated successfully.
[INFO ] 2024-07-18 13:51:46.599 [main] JSONReportGenerator - JSON report generated successfully.
[INFO ] 2024-07-18 13:51:46.607 [main] HTMLReportGenerator - HTML report generated successfully.
[INFO ] 2024-07-18 13:51:46.629 [main] JSONReportGenerator - JSON report generated successfully.
[INFO ] 2024-07-18 13:51:46.638 [main] HTMLReportGenerator - HTML report generated successfully.
[INFO ] 2024-07-18 13:51:46.663 [main] JSONReportGenerator - JSON report generated successfully.
[INFO ] 2024-07-18 13:51:46.672 [main] HTMLReportGenerator - HTML report generated successfully.
[INFO ] 2024-07-18 13:51:46.697 [main] JSONReportGenerator - JSON report generated successfully.
[INFO ] 2024-07-18 13:51:46.709 [main] HTMLReportGenerator - HTML report generated successfully.
[INFO ] 2024-07-18 13:51:46.740 [main] JSONReportGenerator - JSON report generated successfully.
[INFO ] 2024-07-18 13:51:46.750 [main] HTMLReportGenerator - HTML report generated successfully.
[INFO ] 2024-07-18 13:51:46.776 [main] JSONReportGenerator - JSON report generated successfully.
[INFO ] 2024-07-18 13:51:46.785 [main] HTMLReportGenerator - HTML report generated successfully.
[INFO ] 2024-07-18 13:51:46.814 [main] JSONReportGenerator - JSON report generated successfully.
[INFO ] 2024-07-18 13:51:46.825 [main] HTMLReportGenerator - HTML report generated successfully.
[INFO ] 2024-07-18 13:51:46.856 [main] JSONReportGenerator - JSON report generated successfully.
[INFO ] 2024-07-18 13:51:46.871 [main] HTMLReportGenerator - HTML report generated successfully.
[INFO ] 2024-07-18 13:51:46.901 [main] JSONReportGenerator - JSON report generated successfully.
[INFO ] 2024-07-18 13:51:46.916 [main] HTMLReportGenerator - HTML report generated successfully.
[INFO ] 2024-07-18 13:51:46.945 [main] JSONReportGenerator - JSON report generated successfully.
[INFO ] 2024-07-18 13:51:46.957 [main] HTMLReportGenerator - HTML report generated successfully.
[INFO ] 2024-07-18 13:51:46.993 [main] JSONReportGenerator - JSON report generated successfully.
[INFO ] 2024-07-18 13:51:47.003 [main] HTMLReportGenerator - HTML report generated successfully.
[INFO ] 2024-07-18 13:51:47.032 [main] JSONReportGenerator - JSON report generated successfully.
[INFO ] 2024-07-18 13:51:47.043 [main] HTMLReportGenerator - HTML report generated successfully.
[INFO ] 2024-07-18 13:51:47.043 [main] ScraperMain - LFV Eliminated Recipe Count: 1216
[INFO ] 2024-07-18 13:51:47.043 [main] ScraperMain - LFV Added Recipe Count: 487
[INFO ] 2024-07-18 13:51:47.043 [main] ScraperMain - LCHF Eliminated Recipe Count 1216
[INFO ] 2024-07-18 13:51:47.043 [main] ScraperMain - LCHF Added Recipe Count: 487
